==============================
 Err Module for ``3-say_my_name``
==============================

- test file for the module

==============================
            TESTS
==============================

    Import module:

    >>> say_my_name = __import__('3-say_my_name').say_my_name

    Input two strings:

    >>> say_my_name("walter", "white")
    My name is walter white

    Input two strings str and None:

    >>> say_my_name("eminem", None)
    Traceback (most recent call last):
    ...
    TypeError: last_name must be a string
    >>>

    Input two strings None and str:

    >>> say_my_name(None, "mimi")
    Traceback (most recent call last):
    ...
    TypeError: first_name must be a string
    >>>

    Input two empty and empty:

    >>> say_my_name()
    Traceback (most recent call last):
    ...
    TypeError: say_my_name() missing 1 required positional argument: 'first_name'
    >>>

    Input two num and num:

    >>> say_my_name(5, 6)
    Traceback (most recent call last):
    ...
    TypeError: first_name must be a string
    >>>

    Input two num and str:

    >>> say_my_name(8, "tortas")
    Traceback (most recent call last):
    ...
    TypeError: first_name must be a string
    >>>

    Input two str and num:

    >>> say_my_name("de", 8)
    Traceback (most recent call last):
    ...
    TypeError: last_name must be a string
    >>>
